[2020-11-08 02:26:28,120] TRACE [Controller id=0 epoch=38] Sending UpdateMetadata request PartitionState(controllerEpoch=19, leader=0, leaderEpoch=0, isr=[0], zkVersion=0, replicas=[0], offlineReplicas=[]) to brokers Set(0) for partition menuitems-0 (state.change.logger)
[2020-11-08 02:26:28,121] TRACE [Controller id=0 epoch=38] Sending UpdateMetadata request PartitionState(controllerEpoch=19, leader=0, leaderEpoch=0, isr=[0], zkVersion=0, replicas=[0], offlineReplicas=[]) to brokers Set(0) for partition restaurantsearch-0 (state.change.logger)
[2020-11-08 02:26:28,121] TRACE [Controller id=0 epoch=38] Sending UpdateMetadata request PartitionState(controllerEpoch=10, leader=0, leaderEpoch=0, isr=[0], zkVersion=0, replicas=[0], offlineReplicas=[]) to brokers Set(0) for partition allOtherUsers-0 (state.change.logger)
[2020-11-08 02:26:28,121] TRACE [Controller id=0 epoch=38] Sending UpdateMetadata request PartitionState(controllerEpoch=19, leader=0, leaderEpoch=0, isr=[0], zkVersion=0, replicas=[0], offlineReplicas=[]) to brokers Set(0) for partition socialevents-0 (state.change.logger)
[2020-11-08 02:26:28,121] TRACE [Controller id=0 epoch=38] Sending UpdateMetadata request PartitionState(controllerEpoch=2, leader=0, leaderEpoch=0, isr=[0], zkVersion=0, replicas=[0], offlineReplicas=[]) to brokers Set(0) for partition allUsers-0 (state.change.logger)
[2020-11-08 02:26:28,121] TRACE [Controller id=0 epoch=38] Sending UpdateMetadata request PartitionState(controllerEpoch=10, leader=0, leaderEpoch=0, isr=[0], zkVersion=0, replicas=[0], offlineReplicas=[]) to brokers Set(0) for partition profile-0 (state.change.logger)
[2020-11-08 02:26:28,121] TRACE [Controller id=0 epoch=38] Sending UpdateMetadata request PartitionState(controllerEpoch=2, leader=0, leaderEpoch=0, isr=[0], zkVersion=0, replicas=[0], offlineReplicas=[]) to brokers Set(0) for partition response_topic-0 (state.change.logger)
[2020-11-08 02:26:28,121] TRACE [Controller id=0 epoch=38] Changed state of replica 0 for partition allOtherUsers-0 from OnlineReplica to OnlineReplica (state.change.logger)
[2020-11-08 02:26:28,121] TRACE [Controller id=0 epoch=38] Changed state of replica 0 for partition response_topic-0 from OnlineReplica to OnlineReplica (state.change.logger)
[2020-11-08 02:26:28,121] TRACE [Controller id=0 epoch=38] Changed state of replica 0 for partition profile-0 from OnlineReplica to OnlineReplica (state.change.logger)
[2020-11-08 02:26:28,121] TRACE [Controller id=0 epoch=38] Changed state of replica 0 for partition allUsers-0 from OnlineReplica to OnlineReplica (state.change.logger)
[2020-11-08 02:26:28,121] TRACE [Controller id=0 epoch=38] Changed state of replica 0 for partition menuitems-0 from OnlineReplica to OnlineReplica (state.change.logger)
[2020-11-08 02:26:28,121] TRACE [Controller id=0 epoch=38] Changed state of replica 0 for partition restaurantsearch-0 from OnlineReplica to OnlineReplica (state.change.logger)
[2020-11-08 02:26:28,121] TRACE [Controller id=0 epoch=38] Changed state of replica 0 for partition socialevents-0 from OnlineReplica to OnlineReplica (state.change.logger)
[2020-11-08 02:26:28,121] TRACE [Controller id=0 epoch=38] Sending become-leader LeaderAndIsr request PartitionState(controllerEpoch=19, leader=0, leaderEpoch=0, isr=0, zkVersion=0, replicas=0, isNew=false) to broker 0 for partition menuitems-0 (state.change.logger)
[2020-11-08 02:26:28,121] TRACE [Controller id=0 epoch=38] Sending become-leader LeaderAndIsr request PartitionState(controllerEpoch=19, leader=0, leaderEpoch=0, isr=0, zkVersion=0, replicas=0, isNew=false) to broker 0 for partition restaurantsearch-0 (state.change.logger)
[2020-11-08 02:26:28,121] TRACE [Controller id=0 epoch=38] Sending become-leader LeaderAndIsr request PartitionState(controllerEpoch=10, leader=0, leaderEpoch=0, isr=0, zkVersion=0, replicas=0, isNew=false) to broker 0 for partition allOtherUsers-0 (state.change.logger)
[2020-11-08 02:26:28,121] TRACE [Controller id=0 epoch=38] Sending become-leader LeaderAndIsr request PartitionState(controllerEpoch=19, leader=0, leaderEpoch=0, isr=0, zkVersion=0, replicas=0, isNew=false) to broker 0 for partition socialevents-0 (state.change.logger)
[2020-11-08 02:26:28,121] TRACE [Controller id=0 epoch=38] Sending become-leader LeaderAndIsr request PartitionState(controllerEpoch=2, leader=0, leaderEpoch=0, isr=0, zkVersion=0, replicas=0, isNew=false) to broker 0 for partition allUsers-0 (state.change.logger)
[2020-11-08 02:26:28,121] TRACE [Controller id=0 epoch=38] Sending become-leader LeaderAndIsr request PartitionState(controllerEpoch=10, leader=0, leaderEpoch=0, isr=0, zkVersion=0, replicas=0, isNew=false) to broker 0 for partition profile-0 (state.change.logger)
[2020-11-08 02:26:28,121] TRACE [Controller id=0 epoch=38] Sending become-leader LeaderAndIsr request PartitionState(controllerEpoch=2, leader=0, leaderEpoch=0, isr=0, zkVersion=0, replicas=0, isNew=false) to broker 0 for partition response_topic-0 (state.change.logger)
[2020-11-08 02:26:28,122] TRACE [Broker id=0] Cached leader info PartitionState(controllerEpoch=10, leader=0, leaderEpoch=0, isr=[0], zkVersion=0, replicas=[0], offlineReplicas=[]) for partition allOtherUsers-0 in response to UpdateMetadata request sent by controller 0 epoch 38 with correlation id 0 (state.change.logger)
[2020-11-08 02:26:28,122] TRACE [Controller id=0 epoch=38] Sending UpdateMetadata request PartitionState(controllerEpoch=19, leader=0, leaderEpoch=0, isr=[0], zkVersion=0, replicas=[0], offlineReplicas=[]) to brokers Set(0) for partition menuitems-0 (state.change.logger)
[2020-11-08 02:26:28,122] TRACE [Controller id=0 epoch=38] Sending UpdateMetadata request PartitionState(controllerEpoch=19, leader=0, leaderEpoch=0, isr=[0], zkVersion=0, replicas=[0], offlineReplicas=[]) to brokers Set(0) for partition restaurantsearch-0 (state.change.logger)
[2020-11-08 02:26:28,122] TRACE [Broker id=0] Cached leader info PartitionState(controllerEpoch=2, leader=0, leaderEpoch=0, isr=[0], zkVersion=0, replicas=[0], offlineReplicas=[]) for partition response_topic-0 in response to UpdateMetadata request sent by controller 0 epoch 38 with correlation id 0 (state.change.logger)
[2020-11-08 02:26:28,122] TRACE [Controller id=0 epoch=38] Sending UpdateMetadata request PartitionState(controllerEpoch=10, leader=0, leaderEpoch=0, isr=[0], zkVersion=0, replicas=[0], offlineReplicas=[]) to brokers Set(0) for partition allOtherUsers-0 (state.change.logger)
[2020-11-08 02:26:28,122] TRACE [Broker id=0] Cached leader info PartitionState(controllerEpoch=10, leader=0, leaderEpoch=0, isr=[0], zkVersion=0, replicas=[0], offlineReplicas=[]) for partition profile-0 in response to UpdateMetadata request sent by controller 0 epoch 38 with correlation id 0 (state.change.logger)
[2020-11-08 02:26:28,122] TRACE [Controller id=0 epoch=38] Sending UpdateMetadata request PartitionState(controllerEpoch=19, leader=0, leaderEpoch=0, isr=[0], zkVersion=0, replicas=[0], offlineReplicas=[]) to brokers Set(0) for partition socialevents-0 (state.change.logger)
[2020-11-08 02:26:28,122] TRACE [Broker id=0] Cached leader info PartitionState(controllerEpoch=19, leader=0, leaderEpoch=0, isr=[0], zkVersion=0, replicas=[0], offlineReplicas=[]) for partition restaurantsearch-0 in response to UpdateMetadata request sent by controller 0 epoch 38 with correlation id 0 (state.change.logger)
[2020-11-08 02:26:28,122] TRACE [Controller id=0 epoch=38] Sending UpdateMetadata request PartitionState(controllerEpoch=2, leader=0, leaderEpoch=0, isr=[0], zkVersion=0, replicas=[0], offlineReplicas=[]) to brokers Set(0) for partition allUsers-0 (state.change.logger)
[2020-11-08 02:26:28,122] TRACE [Broker id=0] Cached leader info PartitionState(controllerEpoch=2, leader=0, leaderEpoch=0, isr=[0], zkVersion=0, replicas=[0], offlineReplicas=[]) for partition allUsers-0 in response to UpdateMetadata request sent by controller 0 epoch 38 with correlation id 0 (state.change.logger)
[2020-11-08 02:26:28,122] TRACE [Controller id=0 epoch=38] Sending UpdateMetadata request PartitionState(controllerEpoch=10, leader=0, leaderEpoch=0, isr=[0], zkVersion=0, replicas=[0], offlineReplicas=[]) to brokers Set(0) for partition profile-0 (state.change.logger)
[2020-11-08 02:26:28,122] TRACE [Controller id=0 epoch=38] Sending UpdateMetadata request PartitionState(controllerEpoch=2, leader=0, leaderEpoch=0, isr=[0], zkVersion=0, replicas=[0], offlineReplicas=[]) to brokers Set(0) for partition response_topic-0 (state.change.logger)
[2020-11-08 02:26:28,122] TRACE [Broker id=0] Cached leader info PartitionState(controllerEpoch=19, leader=0, leaderEpoch=0, isr=[0], zkVersion=0, replicas=[0], offlineReplicas=[]) for partition menuitems-0 in response to UpdateMetadata request sent by controller 0 epoch 38 with correlation id 0 (state.change.logger)
[2020-11-08 02:26:28,122] TRACE [Broker id=0] Cached leader info PartitionState(controllerEpoch=19, leader=0, leaderEpoch=0, isr=[0], zkVersion=0, replicas=[0], offlineReplicas=[]) for partition socialevents-0 in response to UpdateMetadata request sent by controller 0 epoch 38 with correlation id 0 (state.change.logger)
[2020-11-08 02:26:28,123] TRACE [Controller id=0 epoch=38] Received response {error_code=0} for request UPDATE_METADATA with correlation id 0 sent to broker 192.168.0.10:9092 (id: 0 rack: null) (state.change.logger)
[2020-11-08 02:26:28,123] TRACE [Broker id=0] Received LeaderAndIsr request PartitionState(controllerEpoch=10, leader=0, leaderEpoch=0, isr=0, zkVersion=0, replicas=0, isNew=false) correlation id 1 from controller 0 epoch 38 for partition allOtherUsers-0 (state.change.logger)
[2020-11-08 02:26:28,123] TRACE [Broker id=0] Received LeaderAndIsr request PartitionState(controllerEpoch=2, leader=0, leaderEpoch=0, isr=0, zkVersion=0, replicas=0, isNew=false) correlation id 1 from controller 0 epoch 38 for partition response_topic-0 (state.change.logger)
[2020-11-08 02:26:28,123] TRACE [Broker id=0] Received LeaderAndIsr request PartitionState(controllerEpoch=10, leader=0, leaderEpoch=0, isr=0, zkVersion=0, replicas=0, isNew=false) correlation id 1 from controller 0 epoch 38 for partition profile-0 (state.change.logger)
[2020-11-08 02:26:28,123] TRACE [Broker id=0] Received LeaderAndIsr request PartitionState(controllerEpoch=19, leader=0, leaderEpoch=0, isr=0, zkVersion=0, replicas=0, isNew=false) correlation id 1 from controller 0 epoch 38 for partition restaurantsearch-0 (state.change.logger)
[2020-11-08 02:26:28,123] TRACE [Broker id=0] Received LeaderAndIsr request PartitionState(controllerEpoch=2, leader=0, leaderEpoch=0, isr=0, zkVersion=0, replicas=0, isNew=false) correlation id 1 from controller 0 epoch 38 for partition allUsers-0 (state.change.logger)
[2020-11-08 02:26:28,123] TRACE [Broker id=0] Received LeaderAndIsr request PartitionState(controllerEpoch=19, leader=0, leaderEpoch=0, isr=0, zkVersion=0, replicas=0, isNew=false) correlation id 1 from controller 0 epoch 38 for partition menuitems-0 (state.change.logger)
[2020-11-08 02:26:28,123] TRACE [Broker id=0] Received LeaderAndIsr request PartitionState(controllerEpoch=19, leader=0, leaderEpoch=0, isr=0, zkVersion=0, replicas=0, isNew=false) correlation id 1 from controller 0 epoch 38 for partition socialevents-0 (state.change.logger)
[2020-11-08 02:26:28,123] WARN [Broker id=0] Ignoring LeaderAndIsr request from controller 0 with correlation id 1 epoch 38 for partition allOtherUsers-0 since its associated leader epoch 0 is not higher than the current leader epoch 0 (state.change.logger)
[2020-11-08 02:26:28,123] WARN [Broker id=0] Ignoring LeaderAndIsr request from controller 0 with correlation id 1 epoch 38 for partition response_topic-0 since its associated leader epoch 0 is not higher than the current leader epoch 0 (state.change.logger)
[2020-11-08 02:26:28,123] WARN [Broker id=0] Ignoring LeaderAndIsr request from controller 0 with correlation id 1 epoch 38 for partition profile-0 since its associated leader epoch 0 is not higher than the current leader epoch 0 (state.change.logger)
[2020-11-08 02:26:28,123] WARN [Broker id=0] Ignoring LeaderAndIsr request from controller 0 with correlation id 1 epoch 38 for partition restaurantsearch-0 since its associated leader epoch 0 is not higher than the current leader epoch 0 (state.change.logger)
[2020-11-08 02:26:28,123] WARN [Broker id=0] Ignoring LeaderAndIsr request from controller 0 with correlation id 1 epoch 38 for partition allUsers-0 since its associated leader epoch 0 is not higher than the current leader epoch 0 (state.change.logger)
[2020-11-08 02:26:28,123] WARN [Broker id=0] Ignoring LeaderAndIsr request from controller 0 with correlation id 1 epoch 38 for partition menuitems-0 since its associated leader epoch 0 is not higher than the current leader epoch 0 (state.change.logger)
[2020-11-08 02:26:28,123] WARN [Broker id=0] Ignoring LeaderAndIsr request from controller 0 with correlation id 1 epoch 38 for partition socialevents-0 since its associated leader epoch 0 is not higher than the current leader epoch 0 (state.change.logger)
[2020-11-08 02:26:28,123] TRACE [Controller id=0 epoch=38] Received response {error_code=0,partitions=[{topic=allOtherUsers,partition=0,error_code=11},{topic=response_topic,partition=0,error_code=11},{topic=profile,partition=0,error_code=11},{topic=restaurantsearch,partition=0,error_code=11},{topic=allUsers,partition=0,error_code=11},{topic=menuitems,partition=0,error_code=11},{topic=socialevents,partition=0,error_code=11}]} for request LEADER_AND_ISR with correlation id 1 sent to broker 192.168.0.10:9092 (id: 0 rack: null) (state.change.logger)
[2020-11-08 02:26:28,124] TRACE [Broker id=0] Cached leader info PartitionState(controllerEpoch=10, leader=0, leaderEpoch=0, isr=[0], zkVersion=0, replicas=[0], offlineReplicas=[]) for partition allOtherUsers-0 in response to UpdateMetadata request sent by controller 0 epoch 38 with correlation id 2 (state.change.logger)
[2020-11-08 02:26:28,124] TRACE [Broker id=0] Cached leader info PartitionState(controllerEpoch=2, leader=0, leaderEpoch=0, isr=[0], zkVersion=0, replicas=[0], offlineReplicas=[]) for partition response_topic-0 in response to UpdateMetadata request sent by controller 0 epoch 38 with correlation id 2 (state.change.logger)
[2020-11-08 02:26:28,124] TRACE [Broker id=0] Cached leader info PartitionState(controllerEpoch=10, leader=0, leaderEpoch=0, isr=[0], zkVersion=0, replicas=[0], offlineReplicas=[]) for partition profile-0 in response to UpdateMetadata request sent by controller 0 epoch 38 with correlation id 2 (state.change.logger)
[2020-11-08 02:26:28,124] TRACE [Broker id=0] Cached leader info PartitionState(controllerEpoch=19, leader=0, leaderEpoch=0, isr=[0], zkVersion=0, replicas=[0], offlineReplicas=[]) for partition restaurantsearch-0 in response to UpdateMetadata request sent by controller 0 epoch 38 with correlation id 2 (state.change.logger)
[2020-11-08 02:26:28,124] TRACE [Broker id=0] Cached leader info PartitionState(controllerEpoch=2, leader=0, leaderEpoch=0, isr=[0], zkVersion=0, replicas=[0], offlineReplicas=[]) for partition allUsers-0 in response to UpdateMetadata request sent by controller 0 epoch 38 with correlation id 2 (state.change.logger)
[2020-11-08 02:26:28,124] TRACE [Broker id=0] Cached leader info PartitionState(controllerEpoch=19, leader=0, leaderEpoch=0, isr=[0], zkVersion=0, replicas=[0], offlineReplicas=[]) for partition menuitems-0 in response to UpdateMetadata request sent by controller 0 epoch 38 with correlation id 2 (state.change.logger)
[2020-11-08 02:26:28,124] TRACE [Broker id=0] Cached leader info PartitionState(controllerEpoch=19, leader=0, leaderEpoch=0, isr=[0], zkVersion=0, replicas=[0], offlineReplicas=[]) for partition socialevents-0 in response to UpdateMetadata request sent by controller 0 epoch 38 with correlation id 2 (state.change.logger)
[2020-11-08 02:26:28,124] TRACE [Controller id=0 epoch=38] Received response {error_code=0} for request UPDATE_METADATA with correlation id 2 sent to broker 192.168.0.10:9092 (id: 0 rack: null) (state.change.logger)
